<?xml version="1.0" encoding="UTF-8"?>
<!-- Generated by org.testng.reporters.JUnitReportReporter -->
<testsuite skipped="0" hostname="Administrators-MacBook-Pro.local" name="com.sgic.automation.demo.SimpleTest" tests="1" failures="0" timestamp="24 Nov 2018 06:36:12 GMT" time="27.315" errors="0">
  <testcase name="testUntitledTestCase" time="27.315" classname="com.sgic.automation.demo.SimpleTest"/>
</testsuite> <!-- com.sgic.automation.demo.SimpleTest -->
