<?xml version="1.0" encoding="UTF-8"?>
<!-- Generated by org.testng.reporters.JUnitReportReporter -->
<testsuite skipped="0" hostname="Administrators-MacBook-Pro.local" name="com.sgic.automation.demo.pagetests.LoginTest" tests="1" failures="0" timestamp="24 Nov 2018 11:49:44 GMT" time="2.696" errors="0">
  <testcase name="verifyAdminLogin" time="2.696" classname="com.sgic.automation.demo.pagetests.LoginTest"/>
</testsuite> <!-- com.sgic.automation.demo.pagetests.LoginTest -->
