<?xml version="1.0" encoding="UTF-8"?>
<!-- Generated by org.testng.reporters.JUnitReportReporter -->
<testsuite skipped="0" hostname="Administrators-MacBook-Pro.local" name="com.sgic.automation.demo.test.LoginTest" tests="1" failures="0" timestamp="24 Nov 2018 07:17:04 GMT" time="17.093" errors="0">
  <testcase name="testUntitledTestCase" time="17.093" classname="com.sgic.automation.demo.test.LoginTest"/>
</testsuite> <!-- com.sgic.automation.demo.test.LoginTest -->
